2019-07-29 15:43:19 [scrapy.utils.log] INFO: Scrapy 1.6.0 started (bot: CarOfferSpider)
2019-07-29 15:43:19 [scrapy.utils.log] INFO: Versions: lxml 4.3.1.0, libxml2 2.9.5, cssselect 1.0.3, parsel 1.5.1, w3lib 1.20.0, Twisted 18.9.0, Python 3.7.1 (v3.7.1:260ec2c36a, Oct 20 2018, 14:57:15) [MSC v.1915 64 bit (AMD64)], pyOpenSSL 19.0.0 (OpenSSL 1.1.1b  26 Feb 2019), cryptography 2.6.1, Platform Windows-10-10.0.17134-SP0
2019-07-29 15:43:19 [scrapy.crawler] INFO: Overridden settings: {'BOT_NAME': 'CarOfferSpider', 'LOG_FILE': 'logs\\default\\gariSpider\\a93e8506b1ed11e9abd29cb6d0e99ace.log', 'LOG_LEVEL': 'INFO', 'NEWSPIDER_MODULE': 'CarOfferSpider.spiders', 'SPIDER_MODULES': ['CarOfferSpider.spiders'], 'USER_AGENT': 'Mozilla/5.0 (compatible; Googlebot/2.1; +http://www.google.com/bot.html)'}
2019-07-29 15:43:19 [scrapy.extensions.telnet] INFO: Telnet Password: daeec702fc634d1f
2019-07-29 15:43:19 [scrapy.middleware] INFO: Enabled extensions:
['scrapy.extensions.corestats.CoreStats',
 'scrapy.extensions.telnet.TelnetConsole',
 'scrapy.extensions.logstats.LogStats']
2019-07-29 15:43:19 [scrapy.middleware] INFO: Enabled downloader middlewares:
['scrapy.downloadermiddlewares.httpauth.HttpAuthMiddleware',
 'scrapy.downloadermiddlewares.downloadtimeout.DownloadTimeoutMiddleware',
 'scrapy.downloadermiddlewares.defaultheaders.DefaultHeadersMiddleware',
 'scrapy.downloadermiddlewares.useragent.UserAgentMiddleware',
 'scrapy.downloadermiddlewares.retry.RetryMiddleware',
 'scrapy.downloadermiddlewares.redirect.MetaRefreshMiddleware',
 'scrapy.downloadermiddlewares.httpcompression.HttpCompressionMiddleware',
 'scrapy.downloadermiddlewares.redirect.RedirectMiddleware',
 'scrapy.downloadermiddlewares.cookies.CookiesMiddleware',
 'scrapy.downloadermiddlewares.httpproxy.HttpProxyMiddleware',
 'scrapy.downloadermiddlewares.stats.DownloaderStats']
2019-07-29 15:43:19 [scrapy.middleware] INFO: Enabled spider middlewares:
['scrapy.spidermiddlewares.httperror.HttpErrorMiddleware',
 'scrapy.spidermiddlewares.offsite.OffsiteMiddleware',
 'scrapy.spidermiddlewares.referer.RefererMiddleware',
 'scrapy.spidermiddlewares.urllength.UrlLengthMiddleware',
 'scrapy.spidermiddlewares.depth.DepthMiddleware']
2019-07-29 15:43:19 [py.warnings] WARNING: c:\users\abeer\appdata\local\programs\python\python37\lib\site-packages\django\db\models\fields\__init__.py:1421: RuntimeWarning: DateTimeField Keyword.expiryTime received a naive datetime (2019-07-29 21:43:19.926301) while time zone support is active.
  RuntimeWarning)

2019-07-29 15:43:19 [scrapy.middleware] INFO: Enabled item pipelines:
['CarOfferSpider.pipelines.CarofferspiderPipeline']
2019-07-29 15:43:19 [scrapy.core.engine] INFO: Spider opened
2019-07-29 15:43:19 [scrapy.extensions.logstats] INFO: Crawled 0 pages (at 0 pages/min), scraped 0 items (at 0 items/min)
2019-07-29 15:43:19 [scrapy.extensions.telnet] INFO: Telnet console listening on 127.0.0.1:6023
2019-07-29 15:43:28 [scrapy.core.scraper] ERROR: Spider error processing <POST http://www.gari.pk/search-car-ajax.php> (referer: http://www.gari.pk/search-car-ajax.php)
Traceback (most recent call last):
  File "c:\users\abeer\appdata\local\programs\python\python37\lib\site-packages\scrapy\utils\defer.py", line 102, in iter_errback
    yield next(it)
  File "c:\users\abeer\appdata\local\programs\python\python37\lib\site-packages\scrapy\spidermiddlewares\offsite.py", line 29, in process_spider_output
    for x in result:
  File "c:\users\abeer\appdata\local\programs\python\python37\lib\site-packages\scrapy\spidermiddlewares\referer.py", line 339, in <genexpr>
    return (_set_referer(r) for r in result or ())
  File "c:\users\abeer\appdata\local\programs\python\python37\lib\site-packages\scrapy\spidermiddlewares\urllength.py", line 37, in <genexpr>
    return (r for r in result or () if _filter(r))
  File "c:\users\abeer\appdata\local\programs\python\python37\lib\site-packages\scrapy\spidermiddlewares\depth.py", line 58, in <genexpr>
    return (r for r in result or () if _filter(r))
  File "C:\Users\abeer\Documents\GitHub\Car-Comparator\CarOfferSpider\CarOfferSpider\spiders\gariSpider.py", line 107, in parse_cars
    f.write(response.text)
  File "c:\users\abeer\appdata\local\programs\python\python37\lib\encodings\cp1252.py", line 19, in encode
    return codecs.charmap_encode(input,self.errors,encoding_table)[0]
UnicodeEncodeError: 'charmap' codec can't encode character '\x85' in position 312493: character maps to <undefined>
2019-07-29 15:43:28 [scrapy.core.engine] INFO: Closing spider (finished)
2019-07-29 15:43:28 [scrapy.statscollectors] INFO: Dumping Scrapy stats:
{'downloader/request_bytes': 1006,
 'downloader/request_count': 3,
 'downloader/request_method_count/GET': 2,
 'downloader/request_method_count/POST': 1,
 'downloader/response_bytes': 41552,
 'downloader/response_count': 3,
 'downloader/response_status_count/200': 3,
 'dupefilter/filtered': 1,
 'finish_reason': 'finished',
 'finish_time': datetime.datetime(2019, 7, 29, 10, 43, 28, 531422),
 'log_count/ERROR': 1,
 'log_count/INFO': 9,
 'log_count/WARNING': 1,
 'request_depth_max': 1,
 'response_received_count': 3,
 'scheduler/dequeued': 3,
 'scheduler/dequeued/memory': 3,
 'scheduler/enqueued': 3,
 'scheduler/enqueued/memory': 3,
 'spider_exceptions/UnicodeEncodeError': 1,
 'start_time': datetime.datetime(2019, 7, 29, 10, 43, 19, 956708)}
2019-07-29 15:43:28 [scrapy.core.engine] INFO: Spider closed (finished)
