2019-07-29 15:32:14 [scrapy.utils.log] INFO: Scrapy 1.6.0 started (bot: CarOfferSpider)
2019-07-29 15:32:14 [scrapy.utils.log] INFO: Versions: lxml 4.3.1.0, libxml2 2.9.5, cssselect 1.0.3, parsel 1.5.1, w3lib 1.20.0, Twisted 18.9.0, Python 3.7.1 (v3.7.1:260ec2c36a, Oct 20 2018, 14:57:15) [MSC v.1915 64 bit (AMD64)], pyOpenSSL 19.0.0 (OpenSSL 1.1.1b  26 Feb 2019), cryptography 2.6.1, Platform Windows-10-10.0.17134-SP0
2019-07-29 15:32:14 [scrapy.crawler] INFO: Overridden settings: {'BOT_NAME': 'CarOfferSpider', 'LOG_FILE': 'logs\\default\\pakwheelsSpider\\193a442eb1ec11e9a3909cb6d0e99ace.log', 'LOG_LEVEL': 'INFO', 'NEWSPIDER_MODULE': 'CarOfferSpider.spiders', 'SPIDER_MODULES': ['CarOfferSpider.spiders'], 'USER_AGENT': 'Mozilla/5.0 (compatible; Googlebot/2.1; +http://www.google.com/bot.html)'}
2019-07-29 15:32:14 [scrapy.extensions.telnet] INFO: Telnet Password: 1039db00c74337bd
2019-07-29 15:32:14 [scrapy.middleware] INFO: Enabled extensions:
['scrapy.extensions.corestats.CoreStats',
 'scrapy.extensions.telnet.TelnetConsole',
 'scrapy.extensions.logstats.LogStats']
2019-07-29 15:32:14 [twisted] CRITICAL: Unhandled error in Deferred:
2019-07-29 15:32:14 [twisted] CRITICAL: 
Traceback (most recent call last):
  File "c:\users\abeer\appdata\local\programs\python\python37\lib\site-packages\twisted\internet\defer.py", line 1418, in _inlineCallbacks
    result = g.send(result)
  File "c:\users\abeer\appdata\local\programs\python\python37\lib\site-packages\scrapy\crawler.py", line 79, in crawl
    self.spider = self._create_spider(*args, **kwargs)
  File "c:\users\abeer\appdata\local\programs\python\python37\lib\site-packages\scrapy\crawler.py", line 102, in _create_spider
    return self.spidercls.from_crawler(self, *args, **kwargs)
  File "c:\users\abeer\appdata\local\programs\python\python37\lib\site-packages\scrapy\spiders\__init__.py", line 51, in from_crawler
    spider = cls(*args, **kwargs)
  File "C:\Users\abeer\Documents\GitHub\Car-Comparator\CarOfferSpider\CarOfferSpider\spiders\pakWheels.py", line 70, in __init__
    self.start_urls = pakURLs(' '.join(self.words))
AttributeError: 'PakwheelsSpiderSpider' object has no attribute 'words'
