2019-07-29 15:43:23 [scrapy.utils.log] INFO: Scrapy 1.6.0 started (bot: CarOfferSpider)
2019-07-29 15:43:23 [scrapy.utils.log] INFO: Versions: lxml 4.3.1.0, libxml2 2.9.5, cssselect 1.0.3, parsel 1.5.1, w3lib 1.20.0, Twisted 18.9.0, Python 3.7.1 (v3.7.1:260ec2c36a, Oct 20 2018, 14:57:15) [MSC v.1915 64 bit (AMD64)], pyOpenSSL 19.0.0 (OpenSSL 1.1.1b  26 Feb 2019), cryptography 2.6.1, Platform Windows-10-10.0.17134-SP0
2019-07-29 15:43:23 [scrapy.crawler] INFO: Overridden settings: {'BOT_NAME': 'CarOfferSpider', 'LOG_FILE': 'logs\\default\\olxSpider\\a9422da4b1ed11e9aa3c9cb6d0e99ace.log', 'LOG_LEVEL': 'INFO', 'NEWSPIDER_MODULE': 'CarOfferSpider.spiders', 'ROBOTSTXT_OBEY': 'False', 'SPIDER_MODULES': ['CarOfferSpider.spiders'], 'USER_AGENT': 'Mozilla/5.0 (compatible; Googlebot/2.1; +http://www.google.com/bot.html)'}
2019-07-29 15:43:23 [scrapy.extensions.telnet] INFO: Telnet Password: 330222fb809c24e8
2019-07-29 15:43:23 [scrapy.middleware] INFO: Enabled extensions:
['scrapy.extensions.corestats.CoreStats',
 'scrapy.extensions.telnet.TelnetConsole',
 'scrapy.extensions.logstats.LogStats']
2019-07-29 15:43:24 [scrapy.middleware] INFO: Enabled downloader middlewares:
['scrapy.downloadermiddlewares.httpauth.HttpAuthMiddleware',
 'scrapy.downloadermiddlewares.downloadtimeout.DownloadTimeoutMiddleware',
 'scrapy.downloadermiddlewares.defaultheaders.DefaultHeadersMiddleware',
 'scrapy.downloadermiddlewares.useragent.UserAgentMiddleware',
 'scrapy.downloadermiddlewares.retry.RetryMiddleware',
 'scrapy.downloadermiddlewares.redirect.MetaRefreshMiddleware',
 'scrapy.downloadermiddlewares.httpcompression.HttpCompressionMiddleware',
 'scrapy.downloadermiddlewares.redirect.RedirectMiddleware',
 'scrapy.downloadermiddlewares.cookies.CookiesMiddleware',
 'scrapy.downloadermiddlewares.httpproxy.HttpProxyMiddleware',
 'scrapy.downloadermiddlewares.stats.DownloaderStats']
2019-07-29 15:43:24 [scrapy.middleware] INFO: Enabled spider middlewares:
['scrapy.spidermiddlewares.httperror.HttpErrorMiddleware',
 'scrapy.spidermiddlewares.offsite.OffsiteMiddleware',
 'scrapy.spidermiddlewares.referer.RefererMiddleware',
 'scrapy.spidermiddlewares.urllength.UrlLengthMiddleware',
 'scrapy.spidermiddlewares.depth.DepthMiddleware']
2019-07-29 15:43:24 [py.warnings] WARNING: c:\users\abeer\appdata\local\programs\python\python37\lib\site-packages\django\db\models\fields\__init__.py:1421: RuntimeWarning: DateTimeField Keyword.expiryTime received a naive datetime (2019-07-29 21:43:24.074642) while time zone support is active.
  RuntimeWarning)

2019-07-29 15:43:24 [scrapy.middleware] INFO: Enabled item pipelines:
['CarOfferSpider.pipelines.CarofferspiderPipeline']
2019-07-29 15:43:24 [scrapy.core.engine] INFO: Spider opened
2019-07-29 15:43:24 [scrapy.extensions.logstats] INFO: Crawled 0 pages (at 0 pages/min), scraped 0 items (at 0 items/min)
2019-07-29 15:43:24 [scrapy.extensions.telnet] INFO: Telnet console listening on 127.0.0.1:6024
2019-07-29 15:43:37 [scrapy.core.engine] INFO: Closing spider (finished)
2019-07-29 15:43:37 [scrapy.statscollectors] INFO: Dumping Scrapy stats:
{'downloader/request_bytes': 6567,
 'downloader/request_count': 6,
 'downloader/request_method_count/GET': 6,
 'downloader/response_bytes': 129022,
 'downloader/response_count': 6,
 'downloader/response_status_count/200': 6,
 'finish_reason': 'finished',
 'finish_time': datetime.datetime(2019, 7, 29, 10, 43, 37, 739116),
 'item_scraped_count': 64,
 'log_count/INFO': 9,
 'log_count/WARNING': 1,
 'request_depth_max': 1,
 'response_received_count': 6,
 'scheduler/dequeued': 6,
 'scheduler/dequeued/memory': 6,
 'scheduler/enqueued': 6,
 'scheduler/enqueued/memory': 6,
 'start_time': datetime.datetime(2019, 7, 29, 10, 43, 24, 104297)}
2019-07-29 15:43:37 [scrapy.core.engine] INFO: Spider closed (finished)
